<?xml version="1.0" encoding="UTF-8"?>
<testsuite xmlns:xsi="http://www.w3.org/2001/XMLSchema-instance" xsi:noNamespaceSchemaLocation="https://maven.apache.org/surefire/maven-surefire-plugin/xsd/surefire-test-report.xsd" name="com.logmein.testing.SeleniumTests" time="149.576" tests="12" errors="0" skipped="0" failures="0">
  <properties>
    <property name="sun.desktop" value="windows"/>
    <property name="awt.toolkit" value="sun.awt.windows.WToolkit"/>
    <property name="file.encoding.pkg" value="sun.io"/>
    <property name="java.specification.version" value="1.8"/>
    <property name="sun.cpu.isalist" value="amd64"/>
    <property name="sun.jnu.encoding" value="Cp1252"/>
    <property name="java.class.path" value="D:\szeged\IV_felev\szoftverteszteles\04-WebTest\VetrabMercedesWebTest\target\test-classes;D:\szeged\IV_felev\szoftverteszteles\04-WebTest\VetrabMercedesWebTest\target\classes;C:\Users\MercedesVetráb\.m2\repository\junit\junit\4.11\junit-4.11.jar;C:\Users\MercedesVetráb\.m2\repository\org\hamcrest\hamcrest-core\1.3\hamcrest-core-1.3.jar;C:\Users\MercedesVetráb\.m2\repository\org\apache\httpcomponents\httpclient\4.5.7\httpclient-4.5.7.jar;C:\Users\MercedesVetráb\.m2\repository\org\apache\httpcomponents\httpcore\4.4.11\httpcore-4.4.11.jar;C:\Users\MercedesVetráb\.m2\repository\commons-logging\commons-logging\1.2\commons-logging-1.2.jar;C:\Users\MercedesVetráb\.m2\repository\commons-codec\commons-codec\1.11\commons-codec-1.11.jar;C:\Users\MercedesVetráb\.m2\repository\org\apache\httpcomponents\fluent-hc\4.5.7\fluent-hc-4.5.7.jar;C:\Users\MercedesVetráb\.m2\repository\com\google\code\gson\gson\2.8.5\gson-2.8.5.jar;C:\Users\MercedesVetráb\.m2\repository\org\seleniumhq\selenium\selenium-java\3.141.59\selenium-java-3.141.59.jar;C:\Users\MercedesVetráb\.m2\repository\org\seleniumhq\selenium\selenium-api\3.141.59\selenium-api-3.141.59.jar;C:\Users\MercedesVetráb\.m2\repository\org\seleniumhq\selenium\selenium-chrome-driver\3.141.59\selenium-chrome-driver-3.141.59.jar;C:\Users\MercedesVetráb\.m2\repository\org\seleniumhq\selenium\selenium-edge-driver\3.141.59\selenium-edge-driver-3.141.59.jar;C:\Users\MercedesVetráb\.m2\repository\org\seleniumhq\selenium\selenium-firefox-driver\3.141.59\selenium-firefox-driver-3.141.59.jar;C:\Users\MercedesVetráb\.m2\repository\org\seleniumhq\selenium\selenium-ie-driver\3.141.59\selenium-ie-driver-3.141.59.jar;C:\Users\MercedesVetráb\.m2\repository\org\seleniumhq\selenium\selenium-opera-driver\3.141.59\selenium-opera-driver-3.141.59.jar;C:\Users\MercedesVetráb\.m2\repository\org\seleniumhq\selenium\selenium-remote-driver\3.141.59\selenium-remote-driver-3.141.59.jar;C:\Users\MercedesVetráb\.m2\repository\org\seleniumhq\selenium\selenium-safari-driver\3.141.59\selenium-safari-driver-3.141.59.jar;C:\Users\MercedesVetráb\.m2\repository\net\bytebuddy\byte-buddy\1.8.15\byte-buddy-1.8.15.jar;C:\Users\MercedesVetráb\.m2\repository\org\apache\commons\commons-exec\1.3\commons-exec-1.3.jar;C:\Users\MercedesVetráb\.m2\repository\com\google\guava\guava\25.0-jre\guava-25.0-jre.jar;C:\Users\MercedesVetráb\.m2\repository\com\google\code\findbugs\jsr305\1.3.9\jsr305-1.3.9.jar;C:\Users\MercedesVetráb\.m2\repository\org\checkerframework\checker-compat-qual\2.0.0\checker-compat-qual-2.0.0.jar;C:\Users\MercedesVetráb\.m2\repository\com\google\errorprone\error_prone_annotations\2.1.3\error_prone_annotations-2.1.3.jar;C:\Users\MercedesVetráb\.m2\repository\com\google\j2objc\j2objc-annotations\1.1\j2objc-annotations-1.1.jar;C:\Users\MercedesVetráb\.m2\repository\org\codehaus\mojo\animal-sniffer-annotations\1.14\animal-sniffer-annotations-1.14.jar;C:\Users\MercedesVetráb\.m2\repository\com\squareup\okhttp3\okhttp\3.11.0\okhttp-3.11.0.jar;C:\Users\MercedesVetráb\.m2\repository\com\squareup\okio\okio\1.14.0\okio-1.14.0.jar;C:\Users\MercedesVetráb\.m2\repository\org\seleniumhq\selenium\selenium-support\3.141.59\selenium-support-3.141.59.jar;C:\Users\MercedesVetráb\.m2\repository\com\applitools\eyes-selenium-java3\3.150.1\eyes-selenium-java3-3.150.1.jar;C:\Users\MercedesVetráb\.m2\repository\com\applitools\eyes-common-java3\3.150.1\eyes-common-java3-3.150.1.jar;C:\Users\MercedesVetráb\.m2\repository\org\imgscalr\imgscalr-lib\4.2\imgscalr-lib-4.2.jar;C:\Users\MercedesVetráb\.m2\repository\commons-io\commons-io\2.6\commons-io-2.6.jar;C:\Users\MercedesVetráb\.m2\repository\org\apache\commons\commons-lang3\3.8.1\commons-lang3-3.8.1.jar;C:\Users\MercedesVetráb\.m2\repository\com\fasterxml\jackson\core\jackson-databind\2.5.1\jackson-databind-2.5.1.jar;C:\Users\MercedesVetráb\.m2\repository\com\fasterxml\jackson\core\jackson-annotations\2.5.0\jackson-annotations-2.5.0.jar;C:\Users\MercedesVetráb\.m2\repository\com\fasterxml\jackson\core\jackson-core\2.5.1\jackson-core-2.5.1.jar;C:\Users\MercedesVetráb\.m2\repository\com\applitools\eyes-sdk-core-java3\3.150.1\eyes-sdk-core-java3-3.150.1.jar;C:\Users\MercedesVetráb\.m2\repository\com\applitools\eyes-connectivity-java3-jersey2x\3.150.1\eyes-connectivity-java3-jersey2x-3.150.1.jar;C:\Users\MercedesVetráb\.m2\repository\org\glassfish\jersey\connectors\jersey-apache-connector\2.16\jersey-apache-connector-2.16.jar;C:\Users\MercedesVetráb\.m2\repository\org\glassfish\jersey\core\jersey-common\2.16\jersey-common-2.16.jar;C:\Users\MercedesVetráb\.m2\repository\javax\annotation\javax.annotation-api\1.2\javax.annotation-api-1.2.jar;C:\Users\MercedesVetráb\.m2\repository\org\glassfish\jersey\bundles\repackaged\jersey-guava\2.16\jersey-guava-2.16.jar;C:\Users\MercedesVetráb\.m2\repository\org\glassfish\hk2\osgi-resource-locator\1.0.1\osgi-resource-locator-1.0.1.jar;C:\Users\MercedesVetráb\.m2\repository\javax\ws\rs\javax.ws.rs-api\2.0.1\javax.ws.rs-api-2.0.1.jar;C:\Users\MercedesVetráb\.m2\repository\org\glassfish\jersey\core\jersey-client\2.16\jersey-client-2.16.jar;C:\Users\MercedesVetráb\.m2\repository\org\glassfish\hk2\hk2-api\2.4.0-b09\hk2-api-2.4.0-b09.jar;C:\Users\MercedesVetráb\.m2\repository\org\glassfish\hk2\hk2-utils\2.4.0-b09\hk2-utils-2.4.0-b09.jar;C:\Users\MercedesVetráb\.m2\repository\org\glassfish\hk2\external\aopalliance-repackaged\2.4.0-b09\aopalliance-repackaged-2.4.0-b09.jar;C:\Users\MercedesVetráb\.m2\repository\org\glassfish\hk2\external\javax.inject\2.4.0-b09\javax.inject-2.4.0-b09.jar;C:\Users\MercedesVetráb\.m2\repository\org\glassfish\hk2\hk2-locator\2.4.0-b09\hk2-locator-2.4.0-b09.jar;C:\Users\MercedesVetráb\.m2\repository\org\javassist\javassist\3.18.1-GA\javassist-3.18.1-GA.jar;C:\Users\MercedesVetráb\.m2\repository\io\appium\java-client\6.0.0-BETA5\java-client-6.0.0-BETA5.jar;C:\Users\MercedesVetráb\.m2\repository\cglib\cglib\3.2.6\cglib-3.2.6.jar;C:\Users\MercedesVetráb\.m2\repository\org\ow2\asm\asm\6.0\asm-6.0.jar;C:\Users\MercedesVetráb\.m2\repository\org\apache\ant\ant\1.9.6\ant-1.9.6.jar;C:\Users\MercedesVetráb\.m2\repository\org\apache\ant\ant-launcher\1.9.6\ant-launcher-1.9.6.jar;C:\Users\MercedesVetráb\.m2\repository\commons-validator\commons-validator\1.6\commons-validator-1.6.jar;C:\Users\MercedesVetráb\.m2\repository\commons-beanutils\commons-beanutils\1.9.2\commons-beanutils-1.9.2.jar;C:\Users\MercedesVetráb\.m2\repository\commons-digester\commons-digester\1.8.1\commons-digester-1.8.1.jar;C:\Users\MercedesVetráb\.m2\repository\commons-collections\commons-collections\3.2.2\commons-collections-3.2.2.jar;C:\Users\MercedesVetráb\.m2\repository\org\springframework\spring-context\5.0.3.RELEASE\spring-context-5.0.3.RELEASE.jar;C:\Users\MercedesVetráb\.m2\repository\org\springframework\spring-aop\5.0.3.RELEASE\spring-aop-5.0.3.RELEASE.jar;C:\Users\MercedesVetráb\.m2\repository\org\springframework\spring-beans\5.0.3.RELEASE\spring-beans-5.0.3.RELEASE.jar;C:\Users\MercedesVetráb\.m2\repository\org\springframework\spring-core\5.0.3.RELEASE\spring-core-5.0.3.RELEASE.jar;C:\Users\MercedesVetráb\.m2\repository\org\springframework\spring-jcl\5.0.3.RELEASE\spring-jcl-5.0.3.RELEASE.jar;C:\Users\MercedesVetráb\.m2\repository\org\springframework\spring-expression\5.0.3.RELEASE\spring-expression-5.0.3.RELEASE.jar;C:\Users\MercedesVetráb\.m2\repository\org\aspectj\aspectjweaver\1.8.13\aspectjweaver-1.8.13.jar;C:\Users\MercedesVetráb\.m2\repository\org\openpnp\opencv\3.2.0-1\opencv-3.2.0-1.jar;C:\Users\MercedesVetráb\.m2\repository\javax\websocket\javax.websocket-api\1.1\javax.websocket-api-1.1.jar;C:\Users\MercedesVetráb\.m2\repository\org\glassfish\tyrus\tyrus-client\1.1\tyrus-client-1.1.jar;C:\Users\MercedesVetráb\.m2\repository\org\glassfish\tyrus\tyrus-core\1.1\tyrus-core-1.1.jar;C:\Users\MercedesVetráb\.m2\repository\org\glassfish\tyrus\tyrus-spi\1.1\tyrus-spi-1.1.jar;C:\Users\MercedesVetráb\.m2\repository\org\glassfish\tyrus\tyrus-websocket-core\1.1\tyrus-websocket-core-1.1.jar;C:\Users\MercedesVetráb\.m2\repository\org\glassfish\tyrus\tyrus-container-grizzly\1.1\tyrus-container-grizzly-1.1.jar;C:\Users\MercedesVetráb\.m2\repository\org\glassfish\grizzly\grizzly-framework\2.3.3\grizzly-framework-2.3.3.jar;C:\Users\MercedesVetráb\.m2\repository\org\glassfish\grizzly\grizzly-http-server\2.3.3\grizzly-http-server-2.3.3.jar;C:\Users\MercedesVetráb\.m2\repository\org\glassfish\grizzly\grizzly-http\2.3.3\grizzly-http-2.3.3.jar;C:\Users\MercedesVetráb\.m2\repository\org\glassfish\grizzly\grizzly-rcm\2.3.3\grizzly-rcm-2.3.3.jar;C:\Users\MercedesVetráb\.m2\repository\com\helger\ph-css\6.1.1\ph-css-6.1.1.jar;C:\Users\MercedesVetráb\.m2\repository\com\helger\ph-commons\9.0.2\ph-commons-9.0.2.jar;C:\Users\MercedesVetráb\.m2\repository\org\slf4j\slf4j-api\1.7.25\slf4j-api-1.7.25.jar;C:\Users\MercedesVetráb\.m2\repository\javax\activation\activation\1.1.1\activation-1.1.1.jar;"/>
    <property name="java.vm.vendor" value="Oracle Corporation"/>
    <property name="sun.arch.data.model" value="64"/>
    <property name="user.variant" value=""/>
    <property name="java.vendor.url" value="http://java.oracle.com/"/>
    <property name="user.timezone" value="Europe/Prague"/>
    <property name="java.vm.specification.version" value="1.8"/>
    <property name="os.name" value="Windows 10"/>
    <property name="user.country" value="US"/>
    <property name="sun.java.launcher" value="SUN_STANDARD"/>
    <property name="sun.boot.library.path" value="C:\Program Files\Java\jdk1.8.0_171\jre\bin"/>
    <property name="sun.java.command" value="C:\Users\MERCED~1\AppData\Local\Temp\surefire1682361375773430760\surefirebooter7015563582262652125.jar C:\Users\MercedesVetráb\AppData\Local\Temp\surefire1682361375773430760 2019-03-31T12-15-07_283-jvmRun1 surefire2991033374244654647tmp surefire_0353064666379867880tmp"/>
    <property name="surefire.test.class.path" value="D:\szeged\IV_felev\szoftverteszteles\04-WebTest\VetrabMercedesWebTest\target\test-classes;D:\szeged\IV_felev\szoftverteszteles\04-WebTest\VetrabMercedesWebTest\target\classes;C:\Users\MercedesVetráb\.m2\repository\junit\junit\4.11\junit-4.11.jar;C:\Users\MercedesVetráb\.m2\repository\org\hamcrest\hamcrest-core\1.3\hamcrest-core-1.3.jar;C:\Users\MercedesVetráb\.m2\repository\org\apache\httpcomponents\httpclient\4.5.7\httpclient-4.5.7.jar;C:\Users\MercedesVetráb\.m2\repository\org\apache\httpcomponents\httpcore\4.4.11\httpcore-4.4.11.jar;C:\Users\MercedesVetráb\.m2\repository\commons-logging\commons-logging\1.2\commons-logging-1.2.jar;C:\Users\MercedesVetráb\.m2\repository\commons-codec\commons-codec\1.11\commons-codec-1.11.jar;C:\Users\MercedesVetráb\.m2\repository\org\apache\httpcomponents\fluent-hc\4.5.7\fluent-hc-4.5.7.jar;C:\Users\MercedesVetráb\.m2\repository\com\google\code\gson\gson\2.8.5\gson-2.8.5.jar;C:\Users\MercedesVetráb\.m2\repository\org\seleniumhq\selenium\selenium-java\3.141.59\selenium-java-3.141.59.jar;C:\Users\MercedesVetráb\.m2\repository\org\seleniumhq\selenium\selenium-api\3.141.59\selenium-api-3.141.59.jar;C:\Users\MercedesVetráb\.m2\repository\org\seleniumhq\selenium\selenium-chrome-driver\3.141.59\selenium-chrome-driver-3.141.59.jar;C:\Users\MercedesVetráb\.m2\repository\org\seleniumhq\selenium\selenium-edge-driver\3.141.59\selenium-edge-driver-3.141.59.jar;C:\Users\MercedesVetráb\.m2\repository\org\seleniumhq\selenium\selenium-firefox-driver\3.141.59\selenium-firefox-driver-3.141.59.jar;C:\Users\MercedesVetráb\.m2\repository\org\seleniumhq\selenium\selenium-ie-driver\3.141.59\selenium-ie-driver-3.141.59.jar;C:\Users\MercedesVetráb\.m2\repository\org\seleniumhq\selenium\selenium-opera-driver\3.141.59\selenium-opera-driver-3.141.59.jar;C:\Users\MercedesVetráb\.m2\repository\org\seleniumhq\selenium\selenium-remote-driver\3.141.59\selenium-remote-driver-3.141.59.jar;C:\Users\MercedesVetráb\.m2\repository\org\seleniumhq\selenium\selenium-safari-driver\3.141.59\selenium-safari-driver-3.141.59.jar;C:\Users\MercedesVetráb\.m2\repository\net\bytebuddy\byte-buddy\1.8.15\byte-buddy-1.8.15.jar;C:\Users\MercedesVetráb\.m2\repository\org\apache\commons\commons-exec\1.3\commons-exec-1.3.jar;C:\Users\MercedesVetráb\.m2\repository\com\google\guava\guava\25.0-jre\guava-25.0-jre.jar;C:\Users\MercedesVetráb\.m2\repository\com\google\code\findbugs\jsr305\1.3.9\jsr305-1.3.9.jar;C:\Users\MercedesVetráb\.m2\repository\org\checkerframework\checker-compat-qual\2.0.0\checker-compat-qual-2.0.0.jar;C:\Users\MercedesVetráb\.m2\repository\com\google\errorprone\error_prone_annotations\2.1.3\error_prone_annotations-2.1.3.jar;C:\Users\MercedesVetráb\.m2\repository\com\google\j2objc\j2objc-annotations\1.1\j2objc-annotations-1.1.jar;C:\Users\MercedesVetráb\.m2\repository\org\codehaus\mojo\animal-sniffer-annotations\1.14\animal-sniffer-annotations-1.14.jar;C:\Users\MercedesVetráb\.m2\repository\com\squareup\okhttp3\okhttp\3.11.0\okhttp-3.11.0.jar;C:\Users\MercedesVetráb\.m2\repository\com\squareup\okio\okio\1.14.0\okio-1.14.0.jar;C:\Users\MercedesVetráb\.m2\repository\org\seleniumhq\selenium\selenium-support\3.141.59\selenium-support-3.141.59.jar;C:\Users\MercedesVetráb\.m2\repository\com\applitools\eyes-selenium-java3\3.150.1\eyes-selenium-java3-3.150.1.jar;C:\Users\MercedesVetráb\.m2\repository\com\applitools\eyes-common-java3\3.150.1\eyes-common-java3-3.150.1.jar;C:\Users\MercedesVetráb\.m2\repository\org\imgscalr\imgscalr-lib\4.2\imgscalr-lib-4.2.jar;C:\Users\MercedesVetráb\.m2\repository\commons-io\commons-io\2.6\commons-io-2.6.jar;C:\Users\MercedesVetráb\.m2\repository\org\apache\commons\commons-lang3\3.8.1\commons-lang3-3.8.1.jar;C:\Users\MercedesVetráb\.m2\repository\com\fasterxml\jackson\core\jackson-databind\2.5.1\jackson-databind-2.5.1.jar;C:\Users\MercedesVetráb\.m2\repository\com\fasterxml\jackson\core\jackson-annotations\2.5.0\jackson-annotations-2.5.0.jar;C:\Users\MercedesVetráb\.m2\repository\com\fasterxml\jackson\core\jackson-core\2.5.1\jackson-core-2.5.1.jar;C:\Users\MercedesVetráb\.m2\repository\com\applitools\eyes-sdk-core-java3\3.150.1\eyes-sdk-core-java3-3.150.1.jar;C:\Users\MercedesVetráb\.m2\repository\com\applitools\eyes-connectivity-java3-jersey2x\3.150.1\eyes-connectivity-java3-jersey2x-3.150.1.jar;C:\Users\MercedesVetráb\.m2\repository\org\glassfish\jersey\connectors\jersey-apache-connector\2.16\jersey-apache-connector-2.16.jar;C:\Users\MercedesVetráb\.m2\repository\org\glassfish\jersey\core\jersey-common\2.16\jersey-common-2.16.jar;C:\Users\MercedesVetráb\.m2\repository\javax\annotation\javax.annotation-api\1.2\javax.annotation-api-1.2.jar;C:\Users\MercedesVetráb\.m2\repository\org\glassfish\jersey\bundles\repackaged\jersey-guava\2.16\jersey-guava-2.16.jar;C:\Users\MercedesVetráb\.m2\repository\org\glassfish\hk2\osgi-resource-locator\1.0.1\osgi-resource-locator-1.0.1.jar;C:\Users\MercedesVetráb\.m2\repository\javax\ws\rs\javax.ws.rs-api\2.0.1\javax.ws.rs-api-2.0.1.jar;C:\Users\MercedesVetráb\.m2\repository\org\glassfish\jersey\core\jersey-client\2.16\jersey-client-2.16.jar;C:\Users\MercedesVetráb\.m2\repository\org\glassfish\hk2\hk2-api\2.4.0-b09\hk2-api-2.4.0-b09.jar;C:\Users\MercedesVetráb\.m2\repository\org\glassfish\hk2\hk2-utils\2.4.0-b09\hk2-utils-2.4.0-b09.jar;C:\Users\MercedesVetráb\.m2\repository\org\glassfish\hk2\external\aopalliance-repackaged\2.4.0-b09\aopalliance-repackaged-2.4.0-b09.jar;C:\Users\MercedesVetráb\.m2\repository\org\glassfish\hk2\external\javax.inject\2.4.0-b09\javax.inject-2.4.0-b09.jar;C:\Users\MercedesVetráb\.m2\repository\org\glassfish\hk2\hk2-locator\2.4.0-b09\hk2-locator-2.4.0-b09.jar;C:\Users\MercedesVetráb\.m2\repository\org\javassist\javassist\3.18.1-GA\javassist-3.18.1-GA.jar;C:\Users\MercedesVetráb\.m2\repository\io\appium\java-client\6.0.0-BETA5\java-client-6.0.0-BETA5.jar;C:\Users\MercedesVetráb\.m2\repository\cglib\cglib\3.2.6\cglib-3.2.6.jar;C:\Users\MercedesVetráb\.m2\repository\org\ow2\asm\asm\6.0\asm-6.0.jar;C:\Users\MercedesVetráb\.m2\repository\org\apache\ant\ant\1.9.6\ant-1.9.6.jar;C:\Users\MercedesVetráb\.m2\repository\org\apache\ant\ant-launcher\1.9.6\ant-launcher-1.9.6.jar;C:\Users\MercedesVetráb\.m2\repository\commons-validator\commons-validator\1.6\commons-validator-1.6.jar;C:\Users\MercedesVetráb\.m2\repository\commons-beanutils\commons-beanutils\1.9.2\commons-beanutils-1.9.2.jar;C:\Users\MercedesVetráb\.m2\repository\commons-digester\commons-digester\1.8.1\commons-digester-1.8.1.jar;C:\Users\MercedesVetráb\.m2\repository\commons-collections\commons-collections\3.2.2\commons-collections-3.2.2.jar;C:\Users\MercedesVetráb\.m2\repository\org\springframework\spring-context\5.0.3.RELEASE\spring-context-5.0.3.RELEASE.jar;C:\Users\MercedesVetráb\.m2\repository\org\springframework\spring-aop\5.0.3.RELEASE\spring-aop-5.0.3.RELEASE.jar;C:\Users\MercedesVetráb\.m2\repository\org\springframework\spring-beans\5.0.3.RELEASE\spring-beans-5.0.3.RELEASE.jar;C:\Users\MercedesVetráb\.m2\repository\org\springframework\spring-core\5.0.3.RELEASE\spring-core-5.0.3.RELEASE.jar;C:\Users\MercedesVetráb\.m2\repository\org\springframework\spring-jcl\5.0.3.RELEASE\spring-jcl-5.0.3.RELEASE.jar;C:\Users\MercedesVetráb\.m2\repository\org\springframework\spring-expression\5.0.3.RELEASE\spring-expression-5.0.3.RELEASE.jar;C:\Users\MercedesVetráb\.m2\repository\org\aspectj\aspectjweaver\1.8.13\aspectjweaver-1.8.13.jar;C:\Users\MercedesVetráb\.m2\repository\org\openpnp\opencv\3.2.0-1\opencv-3.2.0-1.jar;C:\Users\MercedesVetráb\.m2\repository\javax\websocket\javax.websocket-api\1.1\javax.websocket-api-1.1.jar;C:\Users\MercedesVetráb\.m2\repository\org\glassfish\tyrus\tyrus-client\1.1\tyrus-client-1.1.jar;C:\Users\MercedesVetráb\.m2\repository\org\glassfish\tyrus\tyrus-core\1.1\tyrus-core-1.1.jar;C:\Users\MercedesVetráb\.m2\repository\org\glassfish\tyrus\tyrus-spi\1.1\tyrus-spi-1.1.jar;C:\Users\MercedesVetráb\.m2\repository\org\glassfish\tyrus\tyrus-websocket-core\1.1\tyrus-websocket-core-1.1.jar;C:\Users\MercedesVetráb\.m2\repository\org\glassfish\tyrus\tyrus-container-grizzly\1.1\tyrus-container-grizzly-1.1.jar;C:\Users\MercedesVetráb\.m2\repository\org\glassfish\grizzly\grizzly-framework\2.3.3\grizzly-framework-2.3.3.jar;C:\Users\MercedesVetráb\.m2\repository\org\glassfish\grizzly\grizzly-http-server\2.3.3\grizzly-http-server-2.3.3.jar;C:\Users\MercedesVetráb\.m2\repository\org\glassfish\grizzly\grizzly-http\2.3.3\grizzly-http-2.3.3.jar;C:\Users\MercedesVetráb\.m2\repository\org\glassfish\grizzly\grizzly-rcm\2.3.3\grizzly-rcm-2.3.3.jar;C:\Users\MercedesVetráb\.m2\repository\com\helger\ph-css\6.1.1\ph-css-6.1.1.jar;C:\Users\MercedesVetráb\.m2\repository\com\helger\ph-commons\9.0.2\ph-commons-9.0.2.jar;C:\Users\MercedesVetráb\.m2\repository\org\slf4j\slf4j-api\1.7.25\slf4j-api-1.7.25.jar;C:\Users\MercedesVetráb\.m2\repository\javax\activation\activation\1.1.1\activation-1.1.1.jar;"/>
    <property name="sun.cpu.endian" value="little"/>
    <property name="user.home" value="C:\Users\MercedesVetráb"/>
    <property name="user.language" value="en"/>
    <property name="java.specification.vendor" value="Oracle Corporation"/>
    <property name="java.home" value="C:\Program Files\Java\jdk1.8.0_171\jre"/>
    <property name="basedir" value="D:\szeged\IV_felev\szoftverteszteles\04-WebTest\VetrabMercedesWebTest"/>
    <property name="file.separator" value="\"/>
    <property name="line.separator" value="&#10;"/>
    <property name="java.vm.specification.vendor" value="Oracle Corporation"/>
    <property name="java.specification.name" value="Java Platform API Specification"/>
    <property name="java.awt.graphicsenv" value="sun.awt.Win32GraphicsEnvironment"/>
    <property name="surefire.real.class.path" value="C:\Users\MERCED~1\AppData\Local\Temp\surefire1682361375773430760\surefirebooter7015563582262652125.jar"/>
    <property name="sun.boot.class.path" value="C:\Program Files\Java\jdk1.8.0_171\jre\lib\resources.jar;C:\Program Files\Java\jdk1.8.0_171\jre\lib\rt.jar;C:\Program Files\Java\jdk1.8.0_171\jre\lib\sunrsasign.jar;C:\Program Files\Java\jdk1.8.0_171\jre\lib\jsse.jar;C:\Program Files\Java\jdk1.8.0_171\jre\lib\jce.jar;C:\Program Files\Java\jdk1.8.0_171\jre\lib\charsets.jar;C:\Program Files\Java\jdk1.8.0_171\jre\lib\jfr.jar;C:\Program Files\Java\jdk1.8.0_171\jre\classes"/>
    <property name="user.script" value=""/>
    <property name="sun.management.compiler" value="HotSpot 64-Bit Tiered Compilers"/>
    <property name="java.runtime.version" value="1.8.0_171-b11"/>
    <property name="user.name" value="MercedesVetráb"/>
    <property name="path.separator" value=";"/>
    <property name="os.version" value="10.0"/>
    <property name="java.endorsed.dirs" value="C:\Program Files\Java\jdk1.8.0_171\jre\lib\endorsed"/>
    <property name="java.runtime.name" value="Java(TM) SE Runtime Environment"/>
    <property name="file.encoding" value="Cp1252"/>
    <property name="java.vm.name" value="Java HotSpot(TM) 64-Bit Server VM"/>
    <property name="localRepository" value="C:\Users\MercedesVetráb\.m2\repository"/>
    <property name="java.vendor.url.bug" value="http://bugreport.sun.com/bugreport/"/>
    <property name="java.io.tmpdir" value="C:\Users\MERCED~1\AppData\Local\Temp\"/>
    <property name="java.version" value="1.8.0_171"/>
    <property name="user.dir" value="D:\szeged\IV_felev\szoftverteszteles\04-WebTest\VetrabMercedesWebTest"/>
    <property name="os.arch" value="amd64"/>
    <property name="java.vm.specification.name" value="Java Virtual Machine Specification"/>
    <property name="java.awt.printerjob" value="sun.awt.windows.WPrinterJob"/>
    <property name="sun.os.patch.level" value=""/>
    <property name="java.library.path" value="C:\Program Files\Java\jdk1.8.0_171\jre\bin;C:\Windows\Sun\Java\bin;C:\Windows\system32;C:\Windows;C:\Program Files (x86)\Common Files\Intel\Shared Libraries\redist\intel64\compiler;C:\Program Files (x86)\Common Files\Intel\Shared Libraries\redist\ia32\compiler;C:\Program Files (x86)\Common Files\Oracle\Java\javapath;C:\Users\MercedesVetráb\Miniconda3;C:\Users\MercedesVetráb\Miniconda3\Library\mingw-w64\bin;C:\Users\MercedesVetráb\Miniconda3\Library\usr\bin;C:\Users\MercedesVetráb\Miniconda3\Library\bin;C:\Users\MercedesVetráb\Miniconda3\Scripts;D:\;C:\Program Files\Git\cmd;D:\Programs\Microsoft VS Code\bin;D:\Programs\Git LFS;C:\Program Files (x86)\NVIDIA Corporation\PhysX\Common;C:\Program Files\NVIDIA Corporation\NVIDIA NvDLISR;D:\Programs\WinSCP\WinSCP\;C:\Users\MercedesVetráb\Miniconda3;C:\Users\MercedesVetráb\Miniconda3\Library\mingw-w64\bin;C:\Users\MercedesVetráb\Miniconda3\Library\usr\bin;C:\Users\MercedesVetráb\Miniconda3\Library\bin;C:\Users\MercedesVetráb\Miniconda3\Scripts;D:\;C:\MinGW\bin;D:\setup\apache-maven-3.6.0\bin;D:\Programs\MikTex\miktex\bin\x64\;C:\Program Files (x86)\Texmaker;;."/>
    <property name="java.vm.info" value="mixed mode"/>
    <property name="java.vendor" value="Oracle Corporation"/>
    <property name="java.vm.version" value="25.171-b11"/>
    <property name="java.ext.dirs" value="C:\Program Files\Java\jdk1.8.0_171\jre\lib\ext;C:\Windows\Sun\Java\lib\ext"/>
    <property name="sun.io.unicode.encoding" value="UnicodeLittle"/>
    <property name="java.class.version" value="52.0"/>
  </properties>
  <testcase name="searchForTextUseId" classname="com.logmein.testing.SeleniumTests" time="11.407"/>
  <testcase name="signInUseXPath" classname="com.logmein.testing.SeleniumTests" time="12.553"/>
  <testcase name="searchForTextUseClassName" classname="com.logmein.testing.SeleniumTests" time="8.995"/>
  <testcase name="signInUsePartialLinkText" classname="com.logmein.testing.SeleniumTests" time="10.246"/>
  <testcase name="searchForTextUseName" classname="com.logmein.testing.SeleniumTests" time="9.966"/>
  <testcase name="openNewTabsWindows" classname="com.logmein.testing.SeleniumTests" time="9.83"/>
  <testcase name="signInUseLinkText" classname="com.logmein.testing.SeleniumTests" time="12.827"/>
  <testcase name="contactUsSendEmptyMessage" classname="com.logmein.testing.SeleniumTests" time="21.421"/>
  <testcase name="signUpForNewsUseTagName" classname="com.logmein.testing.SeleniumTests" time="15.205"/>
  <testcase name="searchForTextUseTagnameClassnameAttribute" classname="com.logmein.testing.SeleniumTests" time="13.319"/>
  <testcase name="switchBetweenTabs" classname="com.logmein.testing.SeleniumTests" time="12.791"/>
  <testcase name="searchForTextUseTagnameId" classname="com.logmein.testing.SeleniumTests" time="11.012"/>
</testsuite>